ERROR:root:FIXME: Unimplemented - put('list', 'A sequence of things - created by using []')
ERROR:root:FIXME: Unimplemented - get('list')
INFO:root:Constructing parser
INFO:root:Constructing parser
DEBUG:root:Constructing put subparser
INFO:root:Constructing parser
DEBUG:root:Constructing put subparser
INFO:root:Constructing parser
DEBUG:root:Constructing put subparser
INFO:root:Constructing parser
DEBUG:root:Constructing put subparser
INFO:root:Constructing parser
DEBUG:root:Constructing put subparser
DEBUG:root:Constucting get subparser
INFO:root:Constructing parser
DEBUG:root:Constructing put subparser
DEBUG:root:Constucting get subparser
INFO:root:Constructing parser
DEBUG:root:Constructing put subparser
DEBUG:root:Constucting get subparser
ERROR:root:FIXME: Unimplemented - get('list')
